SF:lib\config\app_config.dart
DA:16,11
LF:1
LH:1
end_of_record
SF:lib\models\agent_model.dart
DA:8,8
DA:15,5
DA:16,5
DA:17,5
DA:18,5
DA:19,5
DA:20,5
DA:21,5
DA:24,6
DA:25,30
LF:10
LH:10
end_of_record
SF:lib\infraction.dart
DA:15,2
DA:19,1
DA:20,1
DA:24,1
DA:26,2
DA:27,1
DA:29,1
DA:31,1
DA:32,1
DA:43,1
DA:44,1
DA:50,6
DA:51,2
DA:52,1
DA:53,2
DA:54,1
DA:55,2
DA:56,1
DA:57,3
DA:58,3
DA:59,3
DA:60,3
DA:61,4
DA:62,4
DA:63,4
DA:64,4
DA:65,4
DA:66,4
DA:67,2
DA:68,3
DA:70,0
DA:71,1
DA:78,0
DA:79,0
DA:80,0
DA:81,0
DA:83,0
DA:87,0
DA:88,0
DA:89,0
DA:90,0
DA:93,0
DA:97,0
DA:98,0
DA:99,0
DA:104,0
DA:105,0
DA:106,0
DA:107,0
DA:108,0
DA:109,0
DA:110,0
DA:111,0
DA:112,0
DA:113,0
DA:114,0
DA:116,0
DA:117,0
DA:118,0
DA:119,0
DA:120,0
DA:121,0
DA:122,0
DA:123,0
DA:126,0
DA:137,0
DA:146,0
DA:157,0
DA:166,0
DA:167,0
DA:168,0
DA:169,0
DA:170,0
DA:175,0
DA:177,0
DA:178,0
DA:180,0
DA:181,0
DA:182,0
DA:184,0
DA:185,0
DA:186,0
DA:187,0
DA:188,0
DA:189,0
DA:191,0
DA:192,0
DA:194,0
DA:197,0
DA:198,0
DA:199,0
DA:200,0
DA:201,0
DA:202,0
DA:205,0
DA:206,0
DA:207,0
DA:209,0
DA:210,0
DA:212,0
DA:214,0
DA:216,0
DA:217,0
DA:218,0
DA:220,0
DA:226,0
DA:227,0
DA:228,0
DA:229,0
DA:230,0
DA:231,0
DA:232,0
DA:233,0
DA:234,0
DA:237,0
DA:238,0
DA:239,0
DA:240,0
DA:241,0
DA:242,0
DA:243,0
DA:245,0
DA:248,0
DA:251,0
DA:252,0
DA:254,0
DA:258,0
DA:259,0
DA:260,0
DA:261,0
DA:264,0
DA:265,0
DA:266,0
DA:270,0
DA:271,0
DA:279,0
DA:280,0
DA:281,0
DA:283,0
DA:285,0
DA:286,0
DA:287,0
DA:288,0
DA:289,0
DA:292,0
DA:293,0
DA:295,0
DA:296,0
DA:297,0
DA:298,0
DA:299,0
DA:301,0
DA:302,0
DA:303,0
DA:304,0
DA:305,0
DA:306,0
DA:307,0
DA:308,0
DA:309,0
DA:310,0
DA:311,0
DA:313,0
DA:314,0
DA:315,0
DA:320,0
DA:322,0
DA:323,0
DA:324,0
DA:325,0
DA:326,0
DA:327,0
DA:328,0
DA:329,0
DA:330,0
DA:345,0
DA:347,0
DA:348,0
DA:350,0
DA:351,0
DA:352,0
DA:353,0
DA:354,0
DA:355,0
DA:370,1
DA:381,1
DA:382,1
DA:388,1
DA:390,1
DA:391,1
DA:393,1
DA:394,1
DA:395,0
DA:396,0
DA:398,1
DA:401,1
DA:402,1
DA:403,2
DA:404,2
DA:405,2
DA:406,2
DA:412,1
DA:423,1
DA:424,1
DA:433,1
DA:434,1
DA:435,1
DA:436,1
DA:440,1
DA:442,2
DA:443,1
DA:445,1
DA:446,1
DA:447,1
DA:449,1
DA:450,1
DA:451,4
DA:453,1
DA:455,1
DA:456,2
DA:457,2
DA:458,1
DA:459,1
DA:463,0
DA:464,0
DA:467,0
DA:474,1
DA:476,1
DA:477,4
DA:478,4
DA:479,1
DA:481,1
DA:483,1
DA:485,0
DA:486,0
DA:491,0
DA:492,0
DA:495,0
DA:496,0
DA:497,0
DA:501,0
DA:502,0
DA:504,0
DA:511,1
DA:512,2
DA:513,2
DA:514,1
DA:516,1
DA:520,0
DA:521,0
DA:524,0
DA:530,1
DA:531,2
DA:532,2
DA:534,1
DA:535,1
DA:536,1
DA:539,1
DA:542,1
DA:545,2
DA:546,0
DA:547,0
DA:549,0
DA:551,0
DA:552,0
DA:556,3
DA:557,1
DA:558,1
DA:560,2
DA:562,1
DA:565,1
DA:566,2
DA:567,2
DA:568,1
DA:569,2
DA:570,1
DA:571,1
DA:574,1
DA:578,1
DA:580,2
DA:581,0
DA:582,0
DA:584,0
DA:586,0
DA:587,0
DA:591,3
DA:592,1
DA:593,1
DA:595,4
DA:598,1
DA:601,1
DA:602,2
DA:603,2
DA:604,1
DA:605,2
DA:606,1
DA:608,1
DA:611,1
DA:614,1
DA:616,2
DA:617,0
DA:618,0
DA:620,0
DA:622,0
DA:623,0
DA:627,3
DA:628,1
DA:629,1
DA:631,4
DA:634,1
DA:637,1
DA:638,2
DA:639,2
DA:640,1
DA:641,1
DA:642,1
DA:645,1
DA:648,1
DA:651,2
DA:652,0
DA:653,0
DA:655,0
DA:657,0
DA:658,0
DA:662,3
DA:663,1
DA:664,1
DA:666,2
DA:668,1
DA:671,1
DA:672,2
DA:673,2
DA:674,1
DA:677,1
DA:678,2
DA:680,1
DA:684,0
DA:685,0
DA:688,0
DA:693,1
DA:694,2
DA:695,2
DA:696,1
DA:698,1
DA:699,1
DA:700,1
DA:702,1
DA:706,0
DA:707,0
DA:710,0
DA:714,1
DA:715,2
DA:720,0
DA:721,0
DA:722,0
DA:723,0
DA:726,0
DA:728,0
DA:729,0
DA:734,0
DA:735,0
DA:736,0
DA:737,0
DA:738,0
DA:739,0
DA:740,0
DA:741,0
DA:742,0
DA:743,0
DA:744,0
DA:745,0
DA:746,0
DA:747,0
DA:748,0
DA:749,0
DA:751,0
DA:754,0
DA:757,0
DA:758,0
DA:759,0
DA:760,0
DA:761,0
DA:762,0
DA:763,0
DA:764,0
DA:765,0
DA:768,0
DA:769,0
DA:770,0
DA:772,0
DA:773,0
DA:778,0
DA:779,0
DA:780,0
DA:790,0
DA:791,0
LF:396
LH:155
end_of_record
SF:lib\models\categorie_model.dart
DA:6,5
DA:12,2
DA:13,2
DA:14,2
DA:15,2
DA:16,2
DA:19,6
DA:20,3
DA:21,6
LF:9
LH:9
end_of_record
SF:lib\models\commune_model.dart
DA:9,5
DA:17,2
DA:18,2
DA:19,2
DA:20,2
DA:21,2
DA:22,2
DA:23,6
DA:24,6
DA:27,6
DA:28,3
DA:29,3
DA:30,3
DA:31,6
DA:32,6
LF:15
LH:15
end_of_record
SF:lib\models\infraction_model.dart
DA:13,4
DA:26,2
DA:27,2
DA:28,2
DA:29,2
DA:30,2
DA:31,2
DA:32,6
DA:33,6
DA:34,6
DA:35,6
DA:36,6
DA:37,6
DA:41,6
DA:42,3
DA:43,3
DA:44,3
DA:45,3
DA:46,6
DA:47,6
DA:48,6
DA:49,6
DA:50,6
DA:51,6
LF:24
LH:24
end_of_record
SF:lib\models\violant_model.dart
DA:7,5
DA:10,2
DA:11,2
DA:12,2
DA:13,2
DA:14,2
DA:15,2
DA:18,15
LF:8
LH:8
end_of_record
SF:lib\services\ui_service.dart
DA:13,5
DA:15,5
DA:17,10
DA:18,5
DA:22,1
DA:24,1
DA:26,0
DA:31,1
DA:33,1
DA:35,0
DA:40,1
DA:42,1
DA:44,0
DA:50,3
DA:52,3
DA:54,6
DA:55,3
DA:59,1
DA:61,1
DA:63,0
DA:68,1
DA:70,1
DA:72,0
DA:77,1
DA:79,1
DA:81,0
DA:87,4
DA:89,4
DA:91,8
DA:92,4
DA:96,1
DA:98,1
DA:100,0
DA:105,1
DA:108,1
DA:110,0
DA:115,1
DA:118,1
DA:120,0
DA:126,2
DA:128,2
DA:130,4
DA:131,2
DA:135,1
DA:137,1
DA:139,0
DA:144,1
DA:147,1
DA:149,0
DA:154,1
DA:157,1
DA:159,0
DA:165,3
DA:167,3
DA:169,6
DA:170,3
DA:174,1
DA:176,1
DA:178,0
DA:183,1
DA:185,1
DA:187,0
DA:192,1
DA:194,1
DA:196,0
DA:202,2
DA:204,2
DA:206,4
DA:207,2
DA:211,1
DA:213,1
DA:215,0
DA:220,1
DA:223,1
DA:225,0
DA:230,1
DA:233,1
DA:235,0
DA:241,7
DA:243,7
DA:245,7
DA:246,7
DA:247,7
DA:248,7
DA:250,7
DA:251,7
DA:252,7
DA:254,7
DA:255,7
DA:256,7
DA:258,7
DA:259,7
DA:260,7
DA:262,7
DA:263,7
DA:264,7
DA:269,1
DA:271,1
DA:273,1
DA:274,1
DA:275,1
DA:276,1
DA:278,1
DA:279,1
DA:280,1
DA:282,1
DA:283,1
DA:284,1
DA:289,1
DA:294,1
DA:296,3
DA:297,1
DA:298,1
DA:300,1
DA:301,1
DA:302,1
DA:305,1
DA:315,1
DA:320,1
DA:321,1
DA:323,3
DA:325,2
DA:326,1
DA:328,1
DA:329,1
DA:331,1
DA:333,1
DA:334,2
DA:335,1
DA:336,1
DA:343,1
DA:347,5
DA:348,5
DA:359,1
DA:360,1
LF:135
LH:117
end_of_record
SF:lib\services\data_repository.dart
DA:11,6
DA:12,8
DA:15,1
DA:16,1
DA:17,0
DA:20,2
DA:21,2
DA:24,2
DA:25,2
DA:28,2
DA:29,2
DA:33,4
DA:34,6
DA:37,1
DA:38,1
DA:39,2
DA:42,2
DA:43,2
DA:46,2
DA:47,2
DA:50,2
DA:51,2
DA:55,5
DA:56,5
DA:57,2
DA:60,1
DA:61,1
DA:62,2
DA:65,2
DA:66,2
DA:69,2
DA:70,2
DA:73,2
DA:74,2
DA:78,3
DA:79,3
DA:80,2
DA:83,1
DA:84,1
DA:85,0
DA:88,2
DA:89,2
DA:92,2
DA:94,2
DA:97,2
DA:99,2
DA:103,4
DA:104,6
DA:107,1
DA:108,1
DA:109,2
DA:112,2
DA:113,2
DA:116,2
DA:117,2
DA:120,2
DA:121,2
DA:125,3
DA:126,3
DA:127,2
DA:130,1
DA:131,1
DA:132,0
DA:135,2
DA:136,2
DA:139,2
DA:140,2
DA:143,2
DA:144,2
LF:69
LH:66
end_of_record
SF:lib\models\decision_model.dart
DA:7,4
DA:14,2
DA:15,2
DA:16,2
DA:17,2
DA:18,2
DA:19,6
DA:23,6
DA:24,3
DA:25,3
DA:26,3
DA:27,6
LF:12
LH:12
end_of_record
SF:lib\services\api_client.dart
DA:6,18
DA:9,7
DA:11,14
DA:14,9
DA:16,18
DA:17,36
DA:19,18
DA:20,8
DA:21,16
DA:23,7
DA:24,21
DA:29,1
DA:31,2
DA:34,3
DA:36,6
DA:37,12
DA:39,6
DA:40,6
DA:41,3
DA:43,3
DA:48,3
DA:49,6
DA:52,5
DA:54,10
DA:55,10
DA:56,5
DA:58,10
DA:59,10
DA:61,5
DA:62,5
DA:63,5
DA:67,15
DA:68,15
DA:70,20
DA:73,8
DA:74,4
DA:75,8
DA:82,4
DA:87,2
DA:88,4
DA:91,3
DA:93,6
DA:94,3
DA:95,9
DA:96,3
DA:97,3
DA:100,6
DA:103,3
DA:108,2
DA:109,4
DA:112,3
DA:114,6
DA:115,3
DA:116,9
DA:117,3
DA:120,6
DA:123,3
DA:128,4
DA:129,8
DA:132,6
DA:135,3
DA:136,6
DA:137,1
DA:138,1
DA:139,1
DA:141,1
DA:143,1
DA:144,2
DA:145,1
DA:146,4
DA:148,0
DA:151,1
DA:153,0
DA:156,2
DA:159,0
DA:163,4
LF:76
LH:73
end_of_record
SF:lib\main.dart
DA:5,0
DA:8,3
DA:11,3
DA:12,3
DA:17,3
LF:5
LH:4
end_of_record
SF:lib\agent.dart
DA:8,4
DA:10,3
DA:11,3
DA:15,3
DA:17,3
DA:19,3
DA:21,3
DA:22,3
DA:23,9
DA:28,3
DA:29,3
DA:35,16
DA:36,2
DA:37,1
DA:38,2
DA:39,1
DA:40,2
DA:41,1
DA:42,3
DA:43,3
DA:44,3
DA:45,3
DA:46,3
DA:47,2
DA:48,3
DA:50,0
DA:51,3
DA:57,0
DA:58,0
DA:59,0
DA:60,0
DA:62,0
DA:66,0
DA:67,0
DA:68,0
DA:69,0
DA:72,0
DA:76,0
DA:77,0
DA:78,0
DA:82,0
DA:83,0
DA:84,0
DA:85,0
DA:86,0
DA:87,0
DA:88,0
DA:89,0
DA:90,0
DA:91,0
DA:92,0
DA:95,0
DA:102,0
DA:109,0
DA:111,0
DA:113,0
DA:114,0
DA:116,0
DA:117,0
DA:118,0
DA:120,0
DA:121,0
DA:122,0
DA:123,0
DA:124,0
DA:125,0
DA:127,0
DA:128,0
DA:130,0
DA:133,0
DA:134,0
DA:135,0
DA:136,0
DA:137,0
DA:138,0
DA:139,0
DA:142,0
DA:143,0
DA:144,0
DA:146,0
DA:147,0
DA:149,0
DA:151,0
DA:153,0
DA:154,0
DA:155,0
DA:157,0
DA:163,0
DA:164,0
DA:165,0
DA:168,0
DA:169,0
DA:170,0
DA:171,0
DA:172,0
DA:173,0
DA:174,0
DA:177,0
DA:178,0
DA:179,0
DA:181,0
DA:182,0
DA:184,0
DA:186,0
DA:187,0
DA:188,0
DA:189,0
DA:190,0
DA:193,0
DA:194,0
DA:196,0
DA:197,0
DA:198,0
DA:199,0
DA:200,0
DA:202,0
DA:203,0
DA:204,0
DA:205,0
DA:206,0
DA:207,0
DA:208,0
DA:209,0
DA:210,0
DA:215,0
DA:218,0
DA:219,0
DA:220,0
DA:221,0
DA:222,0
DA:223,0
DA:224,0
DA:225,0
DA:226,0
DA:241,0
DA:243,0
DA:244,0
DA:246,0
DA:247,0
DA:248,0
DA:249,0
DA:250,0
DA:251,0
DA:266,14
DA:270,1
DA:272,1
DA:273,1
DA:280,13
DA:281,1
DA:282,1
DA:292,1
DA:294,2
DA:295,1
DA:297,1
DA:298,1
DA:299,1
DA:300,1
DA:301,1
DA:303,1
DA:304,1
DA:306,1
DA:307,2
DA:308,2
DA:309,1
DA:310,1
DA:314,1
DA:315,1
DA:318,1
DA:325,1
DA:326,2
DA:327,2
DA:328,1
DA:329,1
DA:333,1
DA:334,1
DA:337,1
DA:343,1
DA:344,2
DA:345,2
DA:346,1
DA:347,1
DA:351,1
DA:352,1
DA:355,2
DA:358,2
DA:361,1
DA:367,1
DA:368,2
DA:369,2
DA:370,1
DA:372,1
DA:376,1
DA:377,1
DA:380,2
DA:383,2
DA:386,1
DA:392,1
DA:393,2
DA:395,1
DA:396,1
DA:397,3
DA:398,1
DA:399,4
DA:400,1
DA:402,1
DA:403,1
DA:405,1
DA:409,1
DA:410,1
DA:411,1
DA:412,3
DA:413,3
DA:414,3
DA:415,3
DA:418,1
DA:419,1
DA:420,0
DA:422,0
DA:423,0
DA:424,0
DA:427,1
DA:429,1
DA:430,1
DA:431,1
DA:432,1
DA:434,1
DA:441,1
DA:442,1
DA:443,4
DA:445,1
DA:446,1
DA:448,1
DA:449,1
DA:454,0
DA:455,0
DA:456,0
DA:457,0
DA:460,0
LF:238
LH:112
end_of_record
SF:lib\categorie.dart
DA:9,3
DA:13,2
DA:14,2
DA:18,2
DA:20,4
DA:21,2
DA:23,2
DA:25,2
DA:26,2
DA:27,2
DA:28,2
DA:29,2
DA:30,8
DA:32,2
DA:33,2
DA:34,2
DA:35,8
DA:37,2
DA:38,2
DA:39,2
DA:40,8
DA:42,2
DA:43,2
DA:49,11
DA:50,2
DA:51,1
DA:52,2
DA:53,1
DA:54,2
DA:55,1
DA:56,3
DA:57,3
DA:58,4
DA:59,2
DA:60,3
DA:62,0
DA:63,2
DA:70,0
DA:71,0
DA:72,0
DA:73,0
DA:75,0
DA:79,0
DA:80,0
DA:81,0
DA:82,0
DA:85,0
DA:89,0
DA:90,0
DA:91,0
DA:95,0
DA:96,0
DA:97,0
DA:98,0
DA:99,0
DA:100,0
DA:105,0
DA:110,0
DA:112,0
DA:114,0
DA:115,0
DA:117,0
DA:118,0
DA:119,0
DA:121,0
DA:122,0
DA:123,0
DA:124,0
DA:125,0
DA:126,0
DA:128,0
DA:129,0
DA:131,0
DA:134,0
DA:135,0
DA:136,0
DA:137,0
DA:138,0
DA:141,0
DA:142,0
DA:143,0
DA:145,0
DA:146,0
DA:148,0
DA:150,0
DA:152,0
DA:153,0
DA:154,0
DA:156,0
DA:162,0
DA:163,0
DA:164,0
DA:165,0
DA:166,0
DA:167,0
DA:168,0
DA:169,0
DA:170,0
DA:173,0
DA:174,0
DA:175,0
DA:177,0
DA:178,0
DA:180,0
DA:182,0
DA:183,0
DA:184,0
DA:185,0
DA:186,0
DA:189,0
DA:190,0
DA:192,0
DA:193,0
DA:194,0
DA:195,0
DA:196,0
DA:198,0
DA:199,0
DA:200,0
DA:201,0
DA:202,0
DA:203,0
DA:204,0
DA:209,0
DA:211,0
DA:212,0
DA:213,0
DA:214,0
DA:215,0
DA:216,0
DA:217,0
DA:218,0
DA:233,0
DA:235,0
DA:236,0
DA:238,0
DA:239,0
DA:240,0
DA:241,0
DA:242,0
DA:257,14
DA:261,1
DA:263,1
DA:264,1
DA:271,13
DA:273,1
DA:274,1
DA:282,1
DA:284,2
DA:285,1
DA:287,1
DA:288,1
DA:289,1
DA:290,1
DA:291,1
DA:293,1
DA:294,1
DA:296,1
DA:297,2
DA:298,2
DA:299,1
DA:300,1
DA:304,1
DA:305,1
DA:308,1
DA:315,1
DA:316,2
DA:317,2
DA:318,1
DA:320,1
DA:321,1
DA:323,1
DA:327,1
DA:328,1
DA:331,2
DA:337,1
DA:338,2
DA:340,1
DA:341,1
DA:342,3
DA:344,3
DA:345,1
DA:347,1
DA:348,1
DA:350,1
DA:354,1
DA:355,1
DA:356,1
DA:357,3
DA:358,3
DA:361,1
DA:362,1
DA:363,0
DA:365,0
DA:366,0
DA:367,0
DA:370,1
DA:372,1
DA:373,1
DA:374,1
DA:375,1
DA:377,1
DA:384,1
DA:385,1
DA:386,4
DA:388,1
DA:389,1
DA:391,1
DA:392,1
DA:397,0
DA:398,0
DA:399,0
DA:400,0
DA:403,0
DA:405,0
DA:406,0
LF:216
LH:101
end_of_record
SF:lib\commune.dart
DA:9,2
DA:13,1
DA:14,1
DA:18,1
DA:20,2
DA:21,1
DA:23,1
DA:25,1
DA:26,1
DA:33,1
DA:34,1
DA:40,6
DA:41,2
DA:42,1
DA:43,2
DA:44,1
DA:45,2
DA:46,1
DA:47,3
DA:48,3
DA:49,3
DA:50,3
DA:51,4
DA:52,4
DA:53,2
DA:54,3
DA:56,0
DA:57,1
DA:64,0
DA:65,0
DA:66,0
DA:67,0
DA:69,0
DA:73,0
DA:74,0
DA:75,0
DA:76,0
DA:79,0
DA:83,0
DA:84,0
DA:85,0
DA:89,0
DA:90,0
DA:91,0
DA:92,0
DA:93,0
DA:94,0
DA:95,0
DA:96,0
DA:97,0
DA:98,0
DA:99,0
DA:100,0
DA:101,0
DA:104,0
DA:112,0
DA:119,0
DA:121,0
DA:123,0
DA:124,0
DA:126,0
DA:127,0
DA:128,0
DA:130,0
DA:131,0
DA:132,0
DA:133,0
DA:134,0
DA:135,0
DA:137,0
DA:138,0
DA:140,0
DA:143,0
DA:144,0
DA:145,0
DA:146,0
DA:147,0
DA:148,0
DA:149,0
DA:150,0
DA:153,0
DA:154,0
DA:155,0
DA:157,0
DA:158,0
DA:160,0
DA:162,0
DA:164,0
DA:165,0
DA:166,0
DA:168,0
DA:174,0
DA:175,0
DA:176,0
DA:177,0
DA:178,0
DA:179,0
DA:180,0
DA:181,0
DA:182,0
DA:185,0
DA:186,0
DA:187,0
DA:189,0
DA:190,0
DA:192,0
DA:194,0
DA:195,0
DA:196,0
DA:197,0
DA:198,0
DA:201,0
DA:202,0
DA:204,0
DA:205,0
DA:206,0
DA:207,0
DA:208,0
DA:210,0
DA:211,0
DA:212,0
DA:213,0
DA:214,0
DA:215,0
DA:216,0
DA:217,0
DA:218,0
DA:219,0
DA:224,0
DA:226,0
DA:227,0
DA:228,0
DA:229,0
DA:230,0
DA:231,0
DA:232,0
DA:233,0
DA:234,0
DA:249,0
DA:251,0
DA:252,0
DA:254,0
DA:255,0
DA:256,0
DA:257,0
DA:258,0
DA:259,0
DA:274,14
DA:278,1
DA:280,1
DA:281,1
DA:288,13
DA:290,1
DA:291,1
DA:302,1
DA:304,2
DA:305,1
DA:307,1
DA:308,1
DA:309,1
DA:311,1
DA:313,1
DA:314,1
DA:316,1
DA:317,2
DA:318,2
DA:319,1
DA:320,1
DA:324,1
DA:325,1
DA:328,1
DA:335,1
DA:336,2
DA:337,2
DA:338,1
DA:339,1
DA:341,1
DA:342,1
DA:345,1
DA:351,1
DA:352,2
DA:353,2
DA:354,1
DA:355,1
DA:357,1
DA:358,1
DA:361,1
DA:367,1
DA:368,2
DA:369,2
DA:370,1
DA:373,1
DA:374,1
DA:375,1
DA:377,1
DA:379,1
DA:380,1
DA:383,2
DA:388,1
DA:389,2
DA:390,2
DA:391,1
DA:393,1
DA:394,1
DA:395,1
DA:397,1
DA:401,1
DA:402,1
DA:405,2
DA:409,1
DA:410,2
DA:412,1
DA:413,1
DA:414,3
DA:415,1
DA:416,1
DA:417,1
DA:418,1
DA:419,1
DA:420,1
DA:421,1
DA:423,1
DA:424,1
DA:426,1
DA:430,1
DA:433,1
DA:434,2
DA:435,3
DA:436,3
DA:437,3
DA:438,3
DA:441,1
DA:442,1
DA:443,0
DA:445,0
DA:446,0
DA:447,0
DA:452,1
DA:453,1
DA:454,1
DA:455,1
DA:464,1
DA:465,1
DA:466,4
DA:468,1
DA:469,1
DA:471,1
DA:477,0
DA:478,0
DA:479,0
DA:480,0
DA:483,0
DA:485,0
DA:486,0
LF:254
LH:123
end_of_record
SF:lib\config\app_theme.dart
DA:16,3
DA:17,3
DA:26,3
DA:27,3
DA:31,3
DA:32,3
DA:36,3
DA:38,3
DA:39,3
LF:9
LH:9
end_of_record
SF:lib\decision.dart
DA:10,2
DA:12,1
DA:13,1
DA:17,1
DA:19,2
DA:20,1
DA:22,1
DA:24,1
DA:25,1
DA:26,3
DA:30,1
DA:31,1
DA:37,6
DA:38,2
DA:39,1
DA:40,2
DA:41,1
DA:42,2
DA:43,1
DA:44,3
DA:45,3
DA:46,3
DA:47,4
DA:48,2
DA:49,3
DA:51,0
DA:52,1
DA:59,0
DA:60,0
DA:61,0
DA:62,0
DA:64,0
DA:68,0
DA:69,0
DA:70,0
DA:71,0
DA:74,0
DA:78,0
DA:79,0
DA:80,0
DA:84,0
DA:85,0
DA:86,0
DA:87,0
DA:88,0
DA:90,0
DA:91,0
DA:92,0
DA:95,0
DA:101,0
DA:106,0
DA:112,0
DA:114,0
DA:115,0
DA:116,0
DA:121,0
DA:123,0
DA:124,0
DA:126,0
DA:127,0
DA:128,0
DA:130,0
DA:131,0
DA:132,0
DA:133,0
DA:134,0
DA:135,0
DA:137,0
DA:138,0
DA:140,0
DA:143,0
DA:144,0
DA:145,0
DA:146,0
DA:147,0
DA:148,0
DA:149,0
DA:152,0
DA:153,0
DA:154,0
DA:156,0
DA:157,0
DA:159,0
DA:161,0
DA:163,0
DA:164,0
DA:165,0
DA:167,0
DA:173,0
DA:174,0
DA:175,0
DA:178,0
DA:179,0
DA:180,0
DA:181,0
DA:182,0
DA:183,0
DA:184,0
DA:187,0
DA:188,0
DA:189,0
DA:191,0
DA:192,0
DA:194,0
DA:196,0
DA:197,0
DA:198,0
DA:199,0
DA:203,0
DA:204,0
DA:205,0
DA:206,0
DA:209,0
DA:210,0
DA:211,0
DA:215,0
DA:216,0
DA:224,0
DA:225,0
DA:227,0
DA:229,0
DA:230,0
DA:231,0
DA:232,0
DA:233,0
DA:236,0
DA:237,0
DA:239,0
DA:240,0
DA:241,0
DA:242,0
DA:243,0
DA:245,0
DA:246,0
DA:247,0
DA:248,0
DA:249,0
DA:251,0
DA:252,0
DA:253,0
DA:258,0
DA:261,0
DA:262,0
DA:263,0
DA:264,0
DA:265,0
DA:266,0
DA:267,0
DA:268,0
DA:283,0
DA:285,0
DA:286,0
DA:288,0
DA:289,0
DA:291,0
DA:292,0
DA:293,0
DA:308,14
DA:312,1
DA:314,1
DA:315,1
DA:322,13
DA:323,1
DA:324,1
DA:334,1
DA:336,2
DA:337,1
DA:339,1
DA:340,1
DA:341,1
DA:342,1
DA:343,1
DA:345,1
DA:346,1
DA:348,1
DA:349,2
DA:350,2
DA:351,1
DA:353,1
DA:355,1
DA:357,1
DA:358,1
DA:363,0
DA:364,0
DA:367,0
DA:368,0
DA:369,0
DA:373,0
DA:374,0
DA:375,0
DA:376,0
DA:377,0
DA:384,1
DA:385,2
DA:386,2
DA:387,1
DA:388,1
DA:390,1
DA:391,1
DA:394,0
DA:400,1
DA:401,2
DA:402,2
DA:403,1
DA:405,1
DA:406,1
DA:408,1
DA:412,1
DA:413,1
DA:416,0
DA:422,1
DA:423,2
DA:425,1
DA:426,1
DA:427,3
DA:428,0
DA:429,0
DA:430,0
DA:431,0
DA:433,0
DA:435,0
DA:436,0
DA:438,0
DA:442,0
DA:443,0
DA:444,0
DA:445,0
DA:446,0
DA:447,0
DA:448,0
DA:449,0
DA:452,0
DA:453,0
DA:454,0
DA:455,0
DA:456,0
DA:458,0
DA:459,0
DA:464,0
DA:465,0
DA:466,0
DA:467,0
DA:476,1
DA:477,1
DA:478,4
DA:480,1
DA:481,1
DA:483,1
DA:484,1
DA:489,0
DA:490,0
DA:491,0
DA:492,0
DA:495,0
DA:497,0
DA:498,0
LF:256
LH:79
end_of_record
SF:lib\home.dart
DA:6,15
DA:8,8
DA:25,4
DA:27,4
DA:28,4
DA:32,4
DA:33,0
DA:36,4
DA:37,4
DA:38,0
DA:43,8
LF:11
LH:9
end_of_record
SF:lib\models\button_option.dart
DA:11,15
LF:1
LH:1
end_of_record
SF:lib\widgets\dashboard_view.dart
DA:8,8
DA:10,4
DA:12,4
DA:14,4
DA:21,8
DA:22,4
DA:23,12
LF:7
LH:7
end_of_record
SF:lib\routing.dart
DA:19,4
DA:20,4
DA:21,4
DA:22,3
DA:23,1
DA:24,2
DA:25,1
DA:26,1
DA:27,1
DA:28,0
DA:29,0
DA:30,0
DA:31,0
DA:32,0
DA:33,2
DA:34,2
DA:35,1
DA:36,1
DA:37,1
DA:38,1
DA:40,0
DA:41,0
DA:45,0
DA:46,0
DA:48,0
DA:50,0
DA:52,0
DA:54,0
DA:72,1
DA:73,2
DA:76,1
DA:78,2
DA:82,1
DA:84,1
DA:86,2
LF:35
LH:22
end_of_record
SF:lib\page_base.dart
DA:20,16
DA:22,3
DA:23,3
DA:29,0
DA:31,0
DA:32,0
DA:33,0
DA:37,3
DA:39,9
DA:41,0
DA:42,0
DA:43,0
DA:48,3
DA:49,3
DA:50,9
DA:51,3
DA:52,3
DA:53,0
DA:54,0
DA:55,0
DA:61,3
DA:63,3
DA:64,9
DA:69,3
DA:70,3
DA:71,3
DA:72,3
DA:73,3
DA:74,0
DA:78,3
DA:80,2
DA:81,4
DA:82,1
DA:83,0
DA:84,1
DA:85,1
DA:86,1
DA:87,0
DA:88,0
DA:89,0
DA:90,0
DA:91,0
DA:92,0
DA:93,0
DA:107,3
DA:108,3
DA:110,3
DA:111,3
DA:112,2
DA:113,1
DA:114,2
DA:115,2
DA:116,1
DA:117,1
DA:118,1
DA:119,1
DA:120,1
DA:121,1
DA:123,2
LF:59
LH:40
end_of_record
SF:lib\violant.dart
DA:8,2
DA:10,1
DA:11,1
DA:15,1
DA:17,2
DA:18,1
DA:20,1
DA:22,1
DA:24,1
DA:30,1
DA:31,1
DA:37,6
DA:38,2
DA:39,1
DA:40,2
DA:41,1
DA:42,2
DA:43,1
DA:44,3
DA:45,3
DA:46,3
DA:47,3
DA:48,2
DA:49,3
DA:51,0
DA:52,1
DA:59,0
DA:60,0
DA:61,0
DA:62,0
DA:64,0
DA:68,0
DA:69,0
DA:70,0
DA:71,0
DA:74,0
DA:78,0
DA:79,0
DA:80,0
DA:84,0
DA:85,0
DA:86,0
DA:87,0
DA:89,0
DA:90,0
DA:91,0
DA:92,0
DA:94,0
DA:100,0
DA:106,0
DA:108,0
DA:110,0
DA:111,0
DA:113,0
DA:114,0
DA:115,0
DA:117,0
DA:118,0
DA:119,0
DA:120,0
DA:121,0
DA:122,0
DA:124,0
DA:125,0
DA:127,0
DA:130,0
DA:131,0
DA:132,0
DA:133,0
DA:134,0
DA:135,0
DA:138,0
DA:139,0
DA:140,0
DA:142,0
DA:143,0
DA:145,0
DA:147,0
DA:149,0
DA:150,0
DA:151,0
DA:153,0
DA:159,0
DA:160,0
DA:161,0
DA:162,0
DA:163,0
DA:164,0
DA:165,0
DA:166,0
DA:167,0
DA:170,0
DA:171,0
DA:172,0
DA:174,0
DA:175,0
DA:177,0
DA:179,0
DA:180,0
DA:181,0
DA:182,0
DA:183,0
DA:186,0
DA:187,0
DA:189,0
DA:190,0
DA:191,0
DA:192,0
DA:193,0
DA:195,0
DA:196,0
DA:197,0
DA:198,0
DA:199,0
DA:200,0
DA:201,0
DA:202,0
DA:207,0
DA:209,0
DA:210,0
DA:211,0
DA:212,0
DA:213,0
DA:214,0
DA:215,0
DA:216,0
DA:231,0
DA:233,0
DA:234,0
DA:236,0
DA:237,0
DA:238,0
DA:239,0
DA:240,0
DA:255,14
DA:259,1
DA:261,1
DA:262,1
DA:269,13
DA:271,1
DA:272,1
DA:281,1
DA:283,2
DA:284,1
DA:286,1
DA:287,1
DA:288,1
DA:289,1
DA:290,1
DA:292,1
DA:293,1
DA:295,1
DA:296,2
DA:297,2
DA:298,1
DA:299,1
DA:303,1
DA:304,1
DA:307,1
DA:314,1
DA:315,2
DA:316,2
DA:317,1
DA:318,1
DA:322,1
DA:323,1
DA:326,1
DA:332,1
DA:333,2
DA:334,2
DA:335,1
DA:336,1
DA:340,1
DA:341,1
DA:344,1
DA:350,1
DA:351,2
DA:353,1
DA:354,1
DA:355,3
DA:357,4
DA:358,1
DA:361,1
DA:362,1
DA:364,1
DA:368,1
DA:369,1
DA:370,1
DA:371,3
DA:372,3
DA:373,3
DA:376,1
DA:377,1
DA:378,0
DA:380,0
DA:381,0
DA:382,0
DA:385,1
DA:387,1
DA:388,1
DA:389,1
DA:390,1
DA:392,1
DA:399,1
DA:400,1
DA:401,4
DA:403,1
DA:404,1
DA:406,1
DA:407,1
DA:412,0
DA:413,0
DA:414,0
DA:415,0
DA:418,0
DA:420,0
DA:421,0
LF:217
LH:97
end_of_record
SF:lib\widgets\home_button.dart
DA:5,10
DA:8,1
DA:9,4
DA:12,5
DA:14,10
DA:15,10
DA:17,5
DA:18,0
DA:19,0
DA:21,5
DA:23,5
DA:24,5
DA:26,5
DA:27,10
DA:29,3
DA:30,3
DA:32,6
DA:33,6
DA:36,5
DA:37,5
DA:39,5
DA:42,5
DA:43,15
DA:44,5
DA:45,10
DA:47,10
DA:51,5
DA:52,5
DA:53,10
DA:54,5
DA:57,10
DA:64,11
DA:66,1
DA:67,1
DA:68,2
DA:69,1
DA:71,1
LF:37
LH:35
end_of_record
